2019年06月24日 23:14:03  信息 : -------------网关启动完毕-------------------
2019年06月24日 23:16:43  信息 : 已装载共享库/Users/caroceanjofers/studio/github/cj.netos.x.dealmaking/cmdtools/gateway-2.1.2/lib/share
2019年06月24日 23:16:43  错误: cj.studio.gateway.server.handler.HttpChannelHandler -  异常：cj.ultimate.gson2.com.google.gson.JsonSyntaxException: cj.ultimate.gson2.com.google.gson.stream.MalformedJsonException: Expected ':' at line 35 column 4
		at cj.ultimate.gson2.com.google.gson.Gson.fromJson(Gson.java:735)
		at cj.ultimate.gson2.com.google.gson.Gson.fromJson(Gson.java:687)
		at cj.ultimate.gson2.com.google.gson.Gson.fromJson(Gson.java:637)
		at cj.ultimate.gson2.com.google.gson.Gson.fromJson(Gson.java:609)
		at cj.studio.ecm.json.JsonReflector.getContext(JsonReflector.java:40)
		at cj.studio.ecm.context.JsonAssemblyContext.<init>(JsonAssemblyContext.java:59)
		at cj.studio.ecm.Assembly.createAssemblyContext(Assembly.java:109)
		at cj.studio.ecm.Assembly.init(Assembly.java:239)
		at cj.studio.ecm.Assembly.load(Assembly.java:251)
		at cj.studio.ecm.Assembly.loadAssembly(Assembly.java:316)
		at cj.studio.gateway.socket.app.AppGatewaySocket.scanPluginsAndLoad(AppGatewaySocket.java:207)
		at cj.studio.gateway.socket.app.AppGatewaySocket.scanAssemblyAndLoad(AppGatewaySocket.java:154)
		at cj.studio.gateway.socket.app.AppGatewaySocket.connect(AppGatewaySocket.java:120)
		at cj.studio.gateway.DestinationLoader.load(DestinationLoader.java:40)
		at cj.studio.gateway.GatewaySocketContainer.getAndCreate(GatewaySocketContainer.java:36)
		at cj.studio.gateway.server.handler.HttpChannelHandler.pipelineHttpBuild(HttpChannelHandler.java:504)
		at cj.studio.gateway.server.handler.HttpChannelHandler.flowHttpRequest(HttpChannelHandler.java:476)
		at cj.studio.gateway.server.handler.HttpChannelHandler.handleHttpRequest(HttpChannelHandler.java:218)
		at cj.studio.gateway.server.handler.HttpChannelHandler.messageReceived(HttpChannelHandler.java:114)
		at io.netty.channel.SimpleChannelInboundHandler.channelRead(SimpleChannelInboundHandler.java:103)
		at io.netty.channel.ChannelHandlerInvokerUtil.invokeChannelReadNow(ChannelHandlerInvokerUtil.java:74)
		at io.netty.channel.DefaultChannelHandlerInvoker.invokeChannelRead(DefaultChannelHandlerInvoker.java:138)
		at io.netty.channel.DefaultChannelHandlerContext.fireChannelRead(DefaultChannelHandlerContext.java:320)
		at io.netty.handler.codec.MessageToMessageDecoder.channelRead(MessageToMessageDecoder.java:103)
		at io.netty.handler.codec.MessageToMessageCodec.channelRead(MessageToMessageCodec.java:111)
		at io.netty.channel.ChannelHandlerInvokerUtil.invokeChannelReadNow(ChannelHandlerInvokerUtil.java:74)
		at io.netty.channel.DefaultChannelHandlerInvoker.invokeChannelRead(DefaultChannelHandlerInvoker.java:138)
		at io.netty.channel.DefaultChannelHandlerContext.fireChannelRead(DefaultChannelHandlerContext.java:320)
		at io.netty.handler.codec.ByteToMessageDecoder.channelRead(ByteToMessageDecoder.java:154)
		at io.netty.channel.ChannelHandlerInvokerUtil.invokeChannelReadNow(ChannelHandlerInvokerUtil.java:74)
		at io.netty.channel.DefaultChannelHandlerInvoker.invokeChannelRead(DefaultChannelHandlerInvoker.java:138)
		at io.netty.channel.DefaultChannelHandlerContext.fireChannelRead(DefaultChannelHandlerContext.java:320)
		at io.netty.channel.DefaultChannelPipeline.fireChannelRead(DefaultChannelPipeline.java:846)
		at io.netty.channel.nio.AbstractNioByteChannel$NioByteUnsafe.read(AbstractNioByteChannel.java:127)
		at io.netty.channel.nio.NioEventLoop.processSelectedKey(NioEventLoop.java:485)
		at io.netty.channel.nio.NioEventLoop.processSelectedKeysOptimized(NioEventLoop.java:452)
		at io.netty.channel.nio.NioEventLoop.run(NioEventLoop.java:346)
		at io.netty.util.concurrent.SingleThreadEventExecutor$5.run(SingleThreadEventExecutor.java:794)
		at java.lang.Thread.run(Thread.java:748)
	Cause by:
		at cj.ultimate.gson2.com.google.gson.stream.JsonReader.syntaxError(JsonReader.java:1159)
		at cj.ultimate.gson2.com.google.gson.stream.JsonReader.objectValue(JsonReader.java:786)
		at cj.ultimate.gson2.com.google.gson.stream.JsonReader.quickPeek(JsonReader.java:385)
		at cj.ultimate.gson2.com.google.gson.stream.JsonReader.peek(JsonReader.java:348)
		at cj.ultimate.gson2.com.google.gson.internal.bind.TypeAdapters$22.read(TypeAdapters.java:581)
		at cj.ultimate.gson2.com.google.gson.internal.bind.TypeAdapters$22.read(TypeAdapters.java:604)
		at cj.ultimate.gson2.com.google.gson.internal.bind.TypeAdapters$22.read(TypeAdapters.java:604)
		at cj.ultimate.gson2.com.google.gson.internal.bind.TypeAdapters$22.read(TypeAdapters.java:579)
		at cj.ultimate.gson2.com.google.gson.Gson.fromJson(Gson.java:721)
		at cj.ultimate.gson2.com.google.gson.Gson.fromJson(Gson.java:687)
		at cj.ultimate.gson2.com.google.gson.Gson.fromJson(Gson.java:637)
		at cj.ultimate.gson2.com.google.gson.Gson.fromJson(Gson.java:609)
		at cj.studio.ecm.json.JsonReflector.getContext(JsonReflector.java:40)
		at cj.studio.ecm.context.JsonAssemblyContext.<init>(JsonAssemblyContext.java:59)
		at cj.studio.ecm.Assembly.createAssemblyContext(Assembly.java:109)
		at cj.studio.ecm.Assembly.init(Assembly.java:239)
		at cj.studio.ecm.Assembly.load(Assembly.java:251)
		at cj.studio.ecm.Assembly.loadAssembly(Assembly.java:316)
		at cj.studio.gateway.socket.app.AppGatewaySocket.scanPluginsAndLoad(AppGatewaySocket.java:207)
		at cj.studio.gateway.socket.app.AppGatewaySocket.scanAssemblyAndLoad(AppGatewaySocket.java:154)
		at cj.studio.gateway.socket.app.AppGatewaySocket.connect(AppGatewaySocket.java:120)
		at cj.studio.gateway.DestinationLoader.load(DestinationLoader.java:40)
		at cj.studio.gateway.GatewaySocketContainer.getAndCreate(GatewaySocketContainer.java:36)
		at cj.studio.gateway.server.handler.HttpChannelHandler.pipelineHttpBuild(HttpChannelHandler.java:504)
		at cj.studio.gateway.server.handler.HttpChannelHandler.flowHttpRequest(HttpChannelHandler.java:476)
		at cj.studio.gateway.server.handler.HttpChannelHandler.handleHttpRequest(HttpChannelHandler.java:218)
		at cj.studio.gateway.server.handler.HttpChannelHandler.messageReceived(HttpChannelHandler.java:114)
		at io.netty.channel.SimpleChannelInboundHandler.channelRead(SimpleChannelInboundHandler.java:103)
		at io.netty.channel.ChannelHandlerInvokerUtil.invokeChannelReadNow(ChannelHandlerInvokerUtil.java:74)
		at io.netty.channel.DefaultChannelHandlerInvoker.invokeChannelRead(DefaultChannelHandlerInvoker.java:138)
		at io.netty.channel.DefaultChannelHandlerContext.fireChannelRead(DefaultChannelHandlerContext.java:320)
		at io.netty.handler.codec.MessageToMessageDecoder.channelRead(MessageToMessageDecoder.java:103)
		at io.netty.handler.codec.MessageToMessageCodec.channelRead(MessageToMessageCodec.java:111)
		at io.netty.channel.ChannelHandlerInvokerUtil.invokeChannelReadNow(ChannelHandlerInvokerUtil.java:74)
		at io.netty.channel.DefaultChannelHandlerInvoker.invokeChannelRead(DefaultChannelHandlerInvoker.java:138)
		at io.netty.channel.DefaultChannelHandlerContext.fireChannelRead(DefaultChannelHandlerContext.java:320)
		at io.netty.handler.codec.ByteToMessageDecoder.channelRead(ByteToMessageDecoder.java:154)
		at io.netty.channel.ChannelHandlerInvokerUtil.invokeChannelReadNow(ChannelHandlerInvokerUtil.java:74)
		at io.netty.channel.DefaultChannelHandlerInvoker.invokeChannelRead(DefaultChannelHandlerInvoker.java:138)
		at io.netty.channel.DefaultChannelHandlerContext.fireChannelRead(DefaultChannelHandlerContext.java:320)
		at io.netty.channel.DefaultChannelPipeline.fireChannelRead(DefaultChannelPipeline.java:846)
		at io.netty.channel.nio.AbstractNioByteChannel$NioByteUnsafe.read(AbstractNioByteChannel.java:127)
		at io.netty.channel.nio.NioEventLoop.processSelectedKey(NioEventLoop.java:485)
		at io.netty.channel.nio.NioEventLoop.processSelectedKeysOptimized(NioEventLoop.java:452)
		at io.netty.channel.nio.NioEventLoop.run(NioEventLoop.java:346)
		at io.netty.util.concurrent.SingleThreadEventExecutor$5.run(SingleThreadEventExecutor.java:794)
		at java.lang.Thread.run(Thread.java:748)
2019年06月24日 23:18:11  信息 : -------------网关启动完毕-------------------
2019年06月24日 23:18:18  信息 : 已装载共享库/Users/caroceanjofers/studio/github/cj.netos.x.dealmaking/cmdtools/gateway-2.1.2/lib/share
2019年06月24日 23:18:18  错误: cj.studio.gateway.server.handler.HttpChannelHandler -  异常：java.lang.RuntimeException: java.lang.ClassNotFoundException: cj/netos/x/dealmaking/plugin/XEngine/DealmakingEngineEntrypointActivitor
		at cj.studio.ecm.Assembly$EntryPoint.start(Assembly.java:623)
		at cj.studio.ecm.Assembly.start(Assembly.java:404)
		at cj.studio.gateway.socket.app.AppGatewaySocket.scanPluginsAndLoad(AppGatewaySocket.java:209)
		at cj.studio.gateway.socket.app.AppGatewaySocket.scanAssemblyAndLoad(AppGatewaySocket.java:154)
		at cj.studio.gateway.socket.app.AppGatewaySocket.connect(AppGatewaySocket.java:120)
		at cj.studio.gateway.DestinationLoader.load(DestinationLoader.java:40)
		at cj.studio.gateway.GatewaySocketContainer.getAndCreate(GatewaySocketContainer.java:36)
		at cj.studio.gateway.server.handler.HttpChannelHandler.pipelineHttpBuild(HttpChannelHandler.java:504)
		at cj.studio.gateway.server.handler.HttpChannelHandler.flowHttpRequest(HttpChannelHandler.java:476)
		at cj.studio.gateway.server.handler.HttpChannelHandler.handleHttpRequest(HttpChannelHandler.java:218)
		at cj.studio.gateway.server.handler.HttpChannelHandler.messageReceived(HttpChannelHandler.java:114)
		at io.netty.channel.SimpleChannelInboundHandler.channelRead(SimpleChannelInboundHandler.java:103)
		at io.netty.channel.ChannelHandlerInvokerUtil.invokeChannelReadNow(ChannelHandlerInvokerUtil.java:74)
		at io.netty.channel.DefaultChannelHandlerInvoker.invokeChannelRead(DefaultChannelHandlerInvoker.java:138)
		at io.netty.channel.DefaultChannelHandlerContext.fireChannelRead(DefaultChannelHandlerContext.java:320)
		at io.netty.handler.codec.MessageToMessageDecoder.channelRead(MessageToMessageDecoder.java:103)
		at io.netty.handler.codec.MessageToMessageCodec.channelRead(MessageToMessageCodec.java:111)
		at io.netty.channel.ChannelHandlerInvokerUtil.invokeChannelReadNow(ChannelHandlerInvokerUtil.java:74)
		at io.netty.channel.DefaultChannelHandlerInvoker.invokeChannelRead(DefaultChannelHandlerInvoker.java:138)
		at io.netty.channel.DefaultChannelHandlerContext.fireChannelRead(DefaultChannelHandlerContext.java:320)
		at io.netty.handler.codec.ByteToMessageDecoder.channelRead(ByteToMessageDecoder.java:154)
		at io.netty.channel.ChannelHandlerInvokerUtil.invokeChannelReadNow(ChannelHandlerInvokerUtil.java:74)
		at io.netty.channel.DefaultChannelHandlerInvoker.invokeChannelRead(DefaultChannelHandlerInvoker.java:138)
		at io.netty.channel.DefaultChannelHandlerContext.fireChannelRead(DefaultChannelHandlerContext.java:320)
		at io.netty.channel.DefaultChannelPipeline.fireChannelRead(DefaultChannelPipeline.java:846)
		at io.netty.channel.nio.AbstractNioByteChannel$NioByteUnsafe.read(AbstractNioByteChannel.java:127)
		at io.netty.channel.nio.NioEventLoop.processSelectedKey(NioEventLoop.java:485)
		at io.netty.channel.nio.NioEventLoop.processSelectedKeysOptimized(NioEventLoop.java:452)
		at io.netty.channel.nio.NioEventLoop.run(NioEventLoop.java:346)
		at io.netty.util.concurrent.SingleThreadEventExecutor$5.run(SingleThreadEventExecutor.java:794)
		at java.lang.Thread.run(Thread.java:748)
	Cause by:
		at java.lang.Class.forName0(Class.java:-2)
		at java.lang.Class.forName(Class.java:348)
		at cj.studio.ecm.Assembly$EntryPoint.start(Assembly.java:610)
		at cj.studio.ecm.Assembly.start(Assembly.java:404)
		at cj.studio.gateway.socket.app.AppGatewaySocket.scanPluginsAndLoad(AppGatewaySocket.java:209)
		at cj.studio.gateway.socket.app.AppGatewaySocket.scanAssemblyAndLoad(AppGatewaySocket.java:154)
		at cj.studio.gateway.socket.app.AppGatewaySocket.connect(AppGatewaySocket.java:120)
		at cj.studio.gateway.DestinationLoader.load(DestinationLoader.java:40)
		at cj.studio.gateway.GatewaySocketContainer.getAndCreate(GatewaySocketContainer.java:36)
		at cj.studio.gateway.server.handler.HttpChannelHandler.pipelineHttpBuild(HttpChannelHandler.java:504)
		at cj.studio.gateway.server.handler.HttpChannelHandler.flowHttpRequest(HttpChannelHandler.java:476)
		at cj.studio.gateway.server.handler.HttpChannelHandler.handleHttpRequest(HttpChannelHandler.java:218)
		at cj.studio.gateway.server.handler.HttpChannelHandler.messageReceived(HttpChannelHandler.java:114)
		at io.netty.channel.SimpleChannelInboundHandler.channelRead(SimpleChannelInboundHandler.java:103)
		at io.netty.channel.ChannelHandlerInvokerUtil.invokeChannelReadNow(ChannelHandlerInvokerUtil.java:74)
		at io.netty.channel.DefaultChannelHandlerInvoker.invokeChannelRead(DefaultChannelHandlerInvoker.java:138)
		at io.netty.channel.DefaultChannelHandlerContext.fireChannelRead(DefaultChannelHandlerContext.java:320)
		at io.netty.handler.codec.MessageToMessageDecoder.channelRead(MessageToMessageDecoder.java:103)
		at io.netty.handler.codec.MessageToMessageCodec.channelRead(MessageToMessageCodec.java:111)
		at io.netty.channel.ChannelHandlerInvokerUtil.invokeChannelReadNow(ChannelHandlerInvokerUtil.java:74)
		at io.netty.channel.DefaultChannelHandlerInvoker.invokeChannelRead(DefaultChannelHandlerInvoker.java:138)
		at io.netty.channel.DefaultChannelHandlerContext.fireChannelRead(DefaultChannelHandlerContext.java:320)
		at io.netty.handler.codec.ByteToMessageDecoder.channelRead(ByteToMessageDecoder.java:154)
		at io.netty.channel.ChannelHandlerInvokerUtil.invokeChannelReadNow(ChannelHandlerInvokerUtil.java:74)
		at io.netty.channel.DefaultChannelHandlerInvoker.invokeChannelRead(DefaultChannelHandlerInvoker.java:138)
		at io.netty.channel.DefaultChannelHandlerContext.fireChannelRead(DefaultChannelHandlerContext.java:320)
		at io.netty.channel.DefaultChannelPipeline.fireChannelRead(DefaultChannelPipeline.java:846)
		at io.netty.channel.nio.AbstractNioByteChannel$NioByteUnsafe.read(AbstractNioByteChannel.java:127)
		at io.netty.channel.nio.NioEventLoop.processSelectedKey(NioEventLoop.java:485)
		at io.netty.channel.nio.NioEventLoop.processSelectedKeysOptimized(NioEventLoop.java:452)
		at io.netty.channel.nio.NioEventLoop.run(NioEventLoop.java:346)
		at io.netty.util.concurrent.SingleThreadEventExecutor$5.run(SingleThreadEventExecutor.java:794)
		at java.lang.Thread.run(Thread.java:748)
2019年06月24日 23:28:48  信息 : -------------网关启动完毕-------------------
2019年06月24日 23:28:48  信息 : 已装载共享库/Users/caroceanjofers/studio/github/cj.netos.x.dealmaking/cmdtools/gateway-2.1.2/lib/share
2019年06月24日 23:30:01  信息 : -------------网关启动完毕-------------------
2019年06月24日 23:30:02  信息 : 已装载共享库/Users/caroceanjofers/studio/github/cj.netos.x.dealmaking/cmdtools/gateway-2.1.2/lib/share
